<?xml version="1.0" encoding="UTF-8"?>
<!-- Generated by org.testng.reporters.JUnitReportReporter -->
<testsuite skipped="0" hostname="DESKTOP-LUMCGL2" name="Runner.TestRun" tests="1" failures="0" timestamp="05 Sep 2018 14:01:13 GMT" time="28.516" errors="0">
  <testcase name="runScenario" time="28.516" classname="Runner.TestRun"/>
</testsuite> <!-- Runner.TestRun -->
