<?xml version="1.0" encoding="UTF-8"?>
<!-- Generated by org.testng.reporters.JUnitReportReporter -->
<testsuite skipped="0" hostname="DESKTOP-LUMCGL2" name="Runner.TestRun" tests="1" failures="0" timestamp="04 Sep 2018 19:22:56 GMT" time="24.680" errors="0">
  <testcase name="runScenario" time="24.680" classname="Runner.TestRun"/>
</testsuite> <!-- Runner.TestRun -->
